<?xml version="1.0" encoding="UTF-8"?>
<!-- Generated by org.testng.reporters.JUnitXMLReporter -->
<testsuite hostname="ATMECSINLT-002" ignored="0" name="footer" tests="4" failures="0" timestamp="09 Oct 2019 14:11:00 GMT" time="45.945" errors="0">
  <testcase name="OutComeOfSearch" time="1.509" classname="com.konakart.searchproducttestscript.SearchProductTestScript"/>
  <testcase name="OutComeOfSearch" time="1.643" classname="com.konakart.searchproducttestscript.SearchProductTestScript"/>
  <testcase name="OutComeOfSearch" time="3.204" classname="com.konakart.searchproducttestscript.SearchProductTestScript"/>
  <testcase name="OutComeOfSearch" time="1.868" classname="com.konakart.searchproducttestscript.SearchProductTestScript"/>
</testsuite> <!-- footer -->
