<?xml version="1.0" encoding="UTF-8"?>
<!-- Generated by org.testng.reporters.JUnitXMLReporter -->
<testsuite hostname="ATMECSINLT-002" ignored="0" name="Test2" tests="4" failures="0" timestamp="04 Oct 2019 11:59:07 GMT" time="22.648" errors="0">
  <testcase name="OutComeOfSearch" time="1.364" classname="com.konakart.testscript.TestScript"/>
  <testcase name="OutComeOfSearch" time="1.227" classname="com.konakart.testscript.TestScript"/>
  <testcase name="OutComeOfSearch" time="1.292" classname="com.konakart.testscript.TestScript"/>
  <testcase name="OutComeOfSearch" time="1.951" classname="com.konakart.testscript.TestScript"/>
</testsuite> <!-- Test2 -->
