<?xml version="1.0" encoding="UTF-8"?>
<testng-results skipped="0" failed="0" ignored="0" total="1" passed="1">
  <reporter-output>
  </reporter-output>
  <suite name="Suite1" duration-ms="34655" started-at="2019-10-09T16:37:37Z" finished-at="2019-10-09T16:38:11Z">
    <groups>
    </groups>
    <test name="Test2" duration-ms="34655" started-at="2019-10-09T16:37:37Z" finished-at="2019-10-09T16:38:11Z">
      <class name="com.konakart.searchproducttestscript.SpecificProductValidationScript">
        <test-method status="PASS" signature="setBrowser(java.lang.String)[pri:0, instance:com.konakart.searchproducttestscript.SpecificProductValidationScript@2758fe70]" name="setBrowser" is-config="true" duration-ms="18022" started-at="2019-10-09T16:37:37Z" finished-at="2019-10-09T16:37:55Z">
          <params>
            <param index="0">
              <value>
                <![CDATA[chrome]]>
              </value>
            </param>
          </params>
          <reporter-output>
          </reporter-output>
        </test-method> <!-- setBrowser -->
        <test-method status="PASS" signature="navigateToProductDetails()[pri:0, instance:com.konakart.searchproducttestscript.SpecificProductValidationScript@2758fe70]" name="navigateToProductDetails" duration-ms="16537" started-at="2019-10-09T16:37:55Z" finished-at="2019-10-09T16:38:11Z">
          <reporter-output>
          </reporter-output>
        </test-method> <!-- navigateToProductDetails -->
      </class> <!-- com.konakart.searchproducttestscript.SpecificProductValidationScript -->
    </test> <!-- Test2 -->
  </suite> <!-- Suite1 -->
</testng-results>
